<?xml version="1.0" encoding="UTF-8"?>
<!-- Generated by org.testng.reporters.JUnitReportReporter -->
<testsuite skipped="0" hostname="DESKTOP-TNO0M5Q" name="test.MonthDropdownTest" tests="1" failures="0" timestamp="2021-07-05T00:53:43 CDT" time="8.144" errors="0">
  <testcase name="allMonthShouldBeInDropDown" time="8.144" classname="test.MonthDropdownTest"/>
  <system-out/>
</testsuite> <!-- test.MonthDropdownTest -->
