<?xml version="1.0" encoding="UTF-8"?>
<!-- Generated by org.testng.reporters.JUnitReportReporter -->
<testsuite skipped="0" hostname="DESKTOP-TNO0M5Q" name="test.AddCategoryTest" tests="1" failures="0" timestamp="2021-07-04T22:49:21 CDT" time="10.550" errors="0">
  <testcase name="addCategoryName" time="10.550" classname="test.AddCategoryTest"/>
  <system-out/>
</testsuite> <!-- test.AddCategoryTest -->
