<?xml version="1.0" encoding="UTF-8"?>
<!-- Generated by org.testng.reporters.JUnitReportReporter -->
<testsuite skipped="0" hostname="DESKTOP-TNO0M5Q" name="test.AddCatagoryTest" tests="1" failures="0" timestamp="2021-07-05T00:53:14 CDT" time="5.753" errors="0">
  <testcase name="ShouldBeAbletoAddCategory" time="5.753" classname="test.AddCatagoryTest"/>
  <system-out/>
</testsuite> <!-- test.AddCatagoryTest -->
