<?xml version="1.0" encoding="UTF-8"?>
<!-- Generated by org.testng.reporters.JUnitReportReporter -->
<testsuite skipped="0" hostname="DESKTOP-TNO0M5Q" name="test.DuplicateTest" tests="1" failures="0" timestamp="2021-07-05T00:53:27 CDT" time="6.291" errors="0">
  <testcase name="userShouldNotBeAbleToAddDuplicateCategory" time="6.291" classname="test.DuplicateTest"/>
  <system-out/>
</testsuite> <!-- test.DuplicateTest -->
